{"/Users/johnadams/turing/turing_mod4/final-countdown-svelte/src/apiCalls.js": {"path":"/Users/johnadams/turing/turing_mod4/final-countdown-svelte/src/apiCalls.js","statementMap":{"0":{"start":{"line":1,"column":29},"end":{"line":9,"column":1}},"1":{"start":{"line":2,"column":12},"end":{"line":2,"column":133}},"2":{"start":{"line":3,"column":16},"end":{"line":3,"column":32}},"3":{"start":{"line":4,"column":2},"end":{"line":8,"column":3}},"4":{"start":{"line":5,"column":4},"end":{"line":5,"column":19}},"5":{"start":{"line":7,"column":4},"end":{"line":7,"column":29}},"6":{"start":{"line":11,"column":28},"end":{"line":19,"column":1}},"7":{"start":{"line":12,"column":12},"end":{"line":12,"column":132}},"8":{"start":{"line":13,"column":15},"end":{"line":13,"column":31}},"9":{"start":{"line":14,"column":2},"end":{"line":18,"column":3}},"10":{"start":{"line":15,"column":4},"end":{"line":15,"column":18}},"11":{"start":{"line":17,"column":4},"end":{"line":17,"column":28}},"12":{"start":{"line":21,"column":37},"end":{"line":29,"column":1}},"13":{"start":{"line":22,"column":12},"end":{"line":22,"column":128}},"14":{"start":{"line":23,"column":24},"end":{"line":23,"column":40}},"15":{"start":{"line":24,"column":2},"end":{"line":28,"column":3}},"16":{"start":{"line":25,"column":4},"end":{"line":25,"column":27}},"17":{"start":{"line":27,"column":4},"end":{"line":27,"column":37}},"18":{"start":{"line":31,"column":31},"end":{"line":39,"column":1}},"19":{"start":{"line":32,"column":12},"end":{"line":32,"column":121}},"20":{"start":{"line":33,"column":16},"end":{"line":33,"column":32}},"21":{"start":{"line":34,"column":2},"end":{"line":38,"column":3}},"22":{"start":{"line":35,"column":4},"end":{"line":35,"column":19}},"23":{"start":{"line":37,"column":4},"end":{"line":37,"column":29}},"24":{"start":{"line":41,"column":26},"end":{"line":49,"column":1}},"25":{"start":{"line":42,"column":12},"end":{"line":42,"column":142}},"26":{"start":{"line":43,"column":16},"end":{"line":43,"column":32}},"27":{"start":{"line":44,"column":2},"end":{"line":48,"column":3}},"28":{"start":{"line":45,"column":4},"end":{"line":45,"column":19}},"29":{"start":{"line":47,"column":4},"end":{"line":47,"column":29}}},"fnMap":{"0":{"name":"(anonymous_0)","decl":{"start":{"line":1,"column":29},"end":{"line":1,"column":30}},"loc":{"start":{"line":1,"column":45},"end":{"line":9,"column":1}},"line":1},"1":{"name":"(anonymous_1)","decl":{"start":{"line":11,"column":28},"end":{"line":11,"column":29}},"loc":{"start":{"line":11,"column":44},"end":{"line":19,"column":1}},"line":11},"2":{"name":"(anonymous_2)","decl":{"start":{"line":21,"column":37},"end":{"line":21,"column":38}},"loc":{"start":{"line":21,"column":53},"end":{"line":29,"column":1}},"line":21},"3":{"name":"(anonymous_3)","decl":{"start":{"line":31,"column":31},"end":{"line":31,"column":32}},"loc":{"start":{"line":31,"column":47},"end":{"line":39,"column":1}},"line":31},"4":{"name":"(anonymous_4)","decl":{"start":{"line":41,"column":26},"end":{"line":41,"column":27}},"loc":{"start":{"line":41,"column":54},"end":{"line":49,"column":1}},"line":41}},"branchMap":{"0":{"loc":{"start":{"line":4,"column":2},"end":{"line":8,"column":3}},"type":"if","locations":[{"start":{"line":4,"column":2},"end":{"line":8,"column":3}},{"start":{"line":4,"column":2},"end":{"line":8,"column":3}}],"line":4},"1":{"loc":{"start":{"line":14,"column":2},"end":{"line":18,"column":3}},"type":"if","locations":[{"start":{"line":14,"column":2},"end":{"line":18,"column":3}},{"start":{"line":14,"column":2},"end":{"line":18,"column":3}}],"line":14},"2":{"loc":{"start":{"line":24,"column":2},"end":{"line":28,"column":3}},"type":"if","locations":[{"start":{"line":24,"column":2},"end":{"line":28,"column":3}},{"start":{"line":24,"column":2},"end":{"line":28,"column":3}}],"line":24},"3":{"loc":{"start":{"line":34,"column":2},"end":{"line":38,"column":3}},"type":"if","locations":[{"start":{"line":34,"column":2},"end":{"line":38,"column":3}},{"start":{"line":34,"column":2},"end":{"line":38,"column":3}}],"line":34},"4":{"loc":{"start":{"line":44,"column":2},"end":{"line":48,"column":3}},"type":"if","locations":[{"start":{"line":44,"column":2},"end":{"line":48,"column":3}},{"start":{"line":44,"column":2},"end":{"line":48,"column":3}}],"line":44}},"s":{"0":1,"1":0,"2":0,"3":0,"4":0,"5":0,"6":1,"7":0,"8":0,"9":0,"10":0,"11":0,"12":1,"13":0,"14":0,"15":0,"16":0,"17":0,"18":1,"19":0,"20":0,"21":0,"22":0,"23":0,"24":1,"25":0,"26":0,"27":0,"28":0,"29":0},"f":{"0":0,"1":0,"2":0,"3":0,"4":0},"b":{"0":[0,0],"1":[0,0],"2":[0,0],"3":[0,0],"4":[0,0]},"_coverageSchema":"1a1c01bbd47fc00a2c39e90264f33305004495a9","hash":"b0d4e0de7aa8856df2c523f909457c8d9c9aba05"}
,"/Users/johnadams/turing/turing_mod4/final-countdown-svelte/src/stores.js": {"path":"/Users/johnadams/turing/turing_mod4/final-countdown-svelte/src/stores.js","statementMap":{"0":{"start":{"line":3,"column":31},"end":{"line":3,"column":43}},"1":{"start":{"line":4,"column":30},"end":{"line":4,"column":42}},"2":{"start":{"line":5,"column":26},"end":{"line":5,"column":38}},"3":{"start":{"line":6,"column":25},"end":{"line":6,"column":40}}},"fnMap":{},"branchMap":{},"s":{"0":1,"1":1,"2":1,"3":1},"f":{},"b":{},"_coverageSchema":"1a1c01bbd47fc00a2c39e90264f33305004495a9","hash":"c781ad379cf8a03e14acf18892ccd7f310446a94"}
}
